Determining if the pthread_create exist failed with the following output:
Change Dir: /home/astrio/Desktop/slam/build/CMakeFiles/CMakeTmp

Run Build Command:"/usr/bin/make" "cmTC_1c83b/fast"
/usr/bin/make -f CMakeFiles/cmTC_1c83b.dir/build.make CMakeFiles/cmTC_1c83b.dir/build
make[1]: Entering directory '/home/astrio/Desktop/slam/build/CMakeFiles/CMakeTmp'
Building C object CMakeFiles/cmTC_1c83b.dir/CheckSymbolExists.c.o
/usr/bin/cc     -o CMakeFiles/cmTC_1c83b.dir/CheckSymbolExists.c.o   -c /home/astrio/Desktop/slam/build/CMakeFiles/CMakeTmp/CheckSymbolExists.c
Linking C executable cmTC_1c83b
/usr/bin/cmake -E cmake_link_script CMakeFiles/cmTC_1c83b.dir/link.txt --verbose=1
/usr/bin/cc       CMakeFiles/cmTC_1c83b.dir/CheckSymbolExists.c.o  -o cmTC_1c83b -rdynamic 
CMakeFiles/cmTC_1c83b.dir/CheckSymbolExists.c.o: In function `main':
CheckSymbolExists.c:(.text+0x16): undefined reference to `pthread_create'
collect2: error: ld returned 1 exit status
CMakeFiles/cmTC_1c83b.dir/build.make:97: recipe for target 'cmTC_1c83b' failed
make[1]: *** [cmTC_1c83b] Error 1
make[1]: Leaving directory '/home/astrio/Desktop/slam/build/CMakeFiles/CMakeTmp'
Makefile:126: recipe for target 'cmTC_1c83b/fast' failed
make: *** [cmTC_1c83b/fast] Error 2

File /home/astrio/Desktop/slam/build/CMakeFiles/CMakeTmp/CheckSymbolExists.c:
/* */
#include <pthread.h>

int main(int argc, char** argv)
{
  (void)argv;
#ifndef pthread_create
  return ((int*)(&pthread_create))[argc];
#else
  (void)argc;
  return 0;
#endif
}

Determining if the function pthread_create exists in the pthreads failed with the following output:
Change Dir: /home/astrio/Desktop/slam/build/CMakeFiles/CMakeTmp

Run Build Command:"/usr/bin/make" "cmTC_47fd9/fast"
/usr/bin/make -f CMakeFiles/cmTC_47fd9.dir/build.make CMakeFiles/cmTC_47fd9.dir/build
make[1]: Entering directory '/home/astrio/Desktop/slam/build/CMakeFiles/CMakeTmp'
Building C object CMakeFiles/cmTC_47fd9.dir/CheckFunctionExists.c.o
/usr/bin/cc    -DCHECK_FUNCTION_EXISTS=pthread_create   -o CMakeFiles/cmTC_47fd9.dir/CheckFunctionExists.c.o   -c /usr/share/cmake-3.5/Modules/CheckFunctionExists.c
Linking C executable cmTC_47fd9
/usr/bin/cmake -E cmake_link_script CMakeFiles/cmTC_47fd9.dir/link.txt --verbose=1
/usr/bin/cc   -DCHECK_FUNCTION_EXISTS=pthread_create    CMakeFiles/cmTC_47fd9.dir/CheckFunctionExists.c.o  -o cmTC_47fd9 -rdynamic -lpthreads 
/usr/bin/ld: cannot find -lpthreads
collect2: error: ld returned 1 exit status
CMakeFiles/cmTC_47fd9.dir/build.make:97: recipe for target 'cmTC_47fd9' failed
make[1]: *** [cmTC_47fd9] Error 1
make[1]: Leaving directory '/home/astrio/Desktop/slam/build/CMakeFiles/CMakeTmp'
Makefile:126: recipe for target 'cmTC_47fd9/fast' failed
make: *** [cmTC_47fd9/fast] Error 2


Determining if the Q_WS_WIN exist failed with the following output:
Change Dir: /home/astrio/Desktop/slam/build/CMakeFiles/CMakeTmp

Run Build Command:"/usr/bin/make" "cmTC_35daa/fast"
/usr/bin/make -f CMakeFiles/cmTC_35daa.dir/build.make CMakeFiles/cmTC_35daa.dir/build
make[1]: Entering directory '/home/astrio/Desktop/slam/build/CMakeFiles/CMakeTmp'
Building CXX object CMakeFiles/cmTC_35daa.dir/CheckSymbolExists.cxx.o
/usr/bin/c++    -I/usr/include/qt4   -o CMakeFiles/cmTC_35daa.dir/CheckSymbolExists.cxx.o -c /home/astrio/Desktop/slam/build/CMakeFiles/CMakeTmp/CheckSymbolExists.cxx
/home/astrio/Desktop/slam/build/CMakeFiles/CMakeTmp/CheckSymbolExists.cxx: In function ‘int main(int, char**)’:
/home/astrio/Desktop/slam/build/CMakeFiles/CMakeTmp/CheckSymbolExists.cxx:8:19: error: ‘Q_WS_WIN’ was not declared in this scope
   return ((int*)(&Q_WS_WIN))[argc];
                   ^
CMakeFiles/cmTC_35daa.dir/build.make:65: recipe for target 'CMakeFiles/cmTC_35daa.dir/CheckSymbolExists.cxx.o' failed
make[1]: *** [CMakeFiles/cmTC_35daa.dir/CheckSymbolExists.cxx.o] Error 1
make[1]: Leaving directory '/home/astrio/Desktop/slam/build/CMakeFiles/CMakeTmp'
Makefile:126: recipe for target 'cmTC_35daa/fast' failed
make: *** [cmTC_35daa/fast] Error 2

File /home/astrio/Desktop/slam/build/CMakeFiles/CMakeTmp/CheckSymbolExists.cxx:
/* */
#include <QtCore/qglobal.h>

int main(int argc, char** argv)
{
  (void)argv;
#ifndef Q_WS_WIN
  return ((int*)(&Q_WS_WIN))[argc];
#else
  (void)argc;
  return 0;
#endif
}

Determining if the Q_WS_QWS exist failed with the following output:
Change Dir: /home/astrio/Desktop/slam/build/CMakeFiles/CMakeTmp

Run Build Command:"/usr/bin/make" "cmTC_00253/fast"
/usr/bin/make -f CMakeFiles/cmTC_00253.dir/build.make CMakeFiles/cmTC_00253.dir/build
make[1]: Entering directory '/home/astrio/Desktop/slam/build/CMakeFiles/CMakeTmp'
Building CXX object CMakeFiles/cmTC_00253.dir/CheckSymbolExists.cxx.o
/usr/bin/c++    -I/usr/include/qt4   -o CMakeFiles/cmTC_00253.dir/CheckSymbolExists.cxx.o -c /home/astrio/Desktop/slam/build/CMakeFiles/CMakeTmp/CheckSymbolExists.cxx
/home/astrio/Desktop/slam/build/CMakeFiles/CMakeTmp/CheckSymbolExists.cxx: In function ‘int main(int, char**)’:
/home/astrio/Desktop/slam/build/CMakeFiles/CMakeTmp/CheckSymbolExists.cxx:8:19: error: ‘Q_WS_QWS’ was not declared in this scope
   return ((int*)(&Q_WS_QWS))[argc];
                   ^
CMakeFiles/cmTC_00253.dir/build.make:65: recipe for target 'CMakeFiles/cmTC_00253.dir/CheckSymbolExists.cxx.o' failed
make[1]: *** [CMakeFiles/cmTC_00253.dir/CheckSymbolExists.cxx.o] Error 1
make[1]: Leaving directory '/home/astrio/Desktop/slam/build/CMakeFiles/CMakeTmp'
Makefile:126: recipe for target 'cmTC_00253/fast' failed
make: *** [cmTC_00253/fast] Error 2

File /home/astrio/Desktop/slam/build/CMakeFiles/CMakeTmp/CheckSymbolExists.cxx:
/* */
#include <QtCore/qglobal.h>

int main(int argc, char** argv)
{
  (void)argv;
#ifndef Q_WS_QWS
  return ((int*)(&Q_WS_QWS))[argc];
#else
  (void)argc;
  return 0;
#endif
}

Determining if the Q_WS_MAC exist failed with the following output:
Change Dir: /home/astrio/Desktop/slam/build/CMakeFiles/CMakeTmp

Run Build Command:"/usr/bin/make" "cmTC_15ce0/fast"
/usr/bin/make -f CMakeFiles/cmTC_15ce0.dir/build.make CMakeFiles/cmTC_15ce0.dir/build
make[1]: Entering directory '/home/astrio/Desktop/slam/build/CMakeFiles/CMakeTmp'
Building CXX object CMakeFiles/cmTC_15ce0.dir/CheckSymbolExists.cxx.o
/usr/bin/c++    -I/usr/include/qt4   -o CMakeFiles/cmTC_15ce0.dir/CheckSymbolExists.cxx.o -c /home/astrio/Desktop/slam/build/CMakeFiles/CMakeTmp/CheckSymbolExists.cxx
/home/astrio/Desktop/slam/build/CMakeFiles/CMakeTmp/CheckSymbolExists.cxx: In function ‘int main(int, char**)’:
/home/astrio/Desktop/slam/build/CMakeFiles/CMakeTmp/CheckSymbolExists.cxx:8:19: error: ‘Q_WS_MAC’ was not declared in this scope
   return ((int*)(&Q_WS_MAC))[argc];
                   ^
CMakeFiles/cmTC_15ce0.dir/build.make:65: recipe for target 'CMakeFiles/cmTC_15ce0.dir/CheckSymbolExists.cxx.o' failed
make[1]: *** [CMakeFiles/cmTC_15ce0.dir/CheckSymbolExists.cxx.o] Error 1
make[1]: Leaving directory '/home/astrio/Desktop/slam/build/CMakeFiles/CMakeTmp'
Makefile:126: recipe for target 'cmTC_15ce0/fast' failed
make: *** [cmTC_15ce0/fast] Error 2

File /home/astrio/Desktop/slam/build/CMakeFiles/CMakeTmp/CheckSymbolExists.cxx:
/* */
#include <QtCore/qglobal.h>

int main(int argc, char** argv)
{
  (void)argv;
#ifndef Q_WS_MAC
  return ((int*)(&Q_WS_MAC))[argc];
#else
  (void)argc;
  return 0;
#endif
}

